<?xml version="1.0" encoding="UTF-8"?>
<robot generator="Robot 7.2 (Python 3.13.2 on win32)" generated="2025-02-06T15:37:43.818000" rpa="false" schemaversion="5">
<suite id="s1" name="RobotFrameworkProject" source="C:\QA\Projetos_Robot\RobotFrameworkProject">
<suite id="s1-s1" name="Test" source="C:\QA\Projetos_Robot\RobotFrameworkProject\Test.robot">
<test id="s1-s1-t1" name="Abrir site e realizar uma compra" line="13">
<kw name="Open Browser Remotely" owner="Utils" type="SETUP">
<kw name="Open Browser" owner="SeleniumLibrary">
<msg time="2025-02-06T15:37:44.023935" level="INFO">Opening browser 'chrome' to base url 'http://www.automationpractice.pl/index.php'.</msg>
<arg>${REMOTE_URL}</arg>
<arg>browser=${BROWSER}</arg>
<doc>Opens a new browser instance to the optional ``url``.</doc>
<status status="PASS" start="2025-02-06T15:37:44.023581" elapsed="8.059058"/>
</kw>
<kw name="Maximize Browser Window" owner="SeleniumLibrary">
<doc>Maximizes current browser window.</doc>
<status status="PASS" start="2025-02-06T15:37:52.082891" elapsed="0.032987"/>
</kw>
<status status="PASS" start="2025-02-06T15:37:44.022925" elapsed="8.093118"/>
</kw>
<kw name="Dado que estou no site My Shop">
<kw name="Wait Until Element Is Visible" owner="SeleniumLibrary">
<arg>${sliderRow}</arg>
<arg>${time}</arg>
<doc>Waits until the element ``locator`` is visible.</doc>
<status status="PASS" start="2025-02-06T15:37:52.117096" elapsed="0.021678"/>
</kw>
<kw name="Title Should Be" owner="SeleniumLibrary">
<msg time="2025-02-06T15:37:52.142029" level="INFO">Page title is 'My Shop'.</msg>
<arg>${title}</arg>
<doc>Verifies that the current page title equals ``title``.</doc>
<status status="PASS" start="2025-02-06T15:37:52.138967" elapsed="0.003386"/>
</kw>
<status status="PASS" start="2025-02-06T15:37:52.116553" elapsed="0.025939"/>
</kw>
<kw name="Quit browser" owner="Utils" type="TEARDOWN">
<kw name="Close All Browsers" owner="SeleniumLibrary">
<doc>Closes all open browsers and resets the browser cache.</doc>
<status status="PASS" start="2025-02-06T15:37:52.143268" elapsed="2.105170"/>
</kw>
<status status="PASS" start="2025-02-06T15:37:52.142874" elapsed="2.105733"/>
</kw>
<status status="PASS" start="2025-02-06T15:37:44.022161" elapsed="10.226620"/>
</test>
<status status="PASS" start="2025-02-06T15:37:43.835601" elapsed="10.414022"/>
</suite>
<status status="PASS" start="2025-02-06T15:37:43.821198" elapsed="10.429715"/>
</suite>
<statistics>
<total>
<stat pass="1" fail="0" skip="0">All Tests</stat>
</total>
<tag>
</tag>
<suite>
<stat name="RobotFrameworkProject" id="s1" pass="1" fail="0" skip="0">RobotFrameworkProject</stat>
<stat name="Test" id="s1-s1" pass="1" fail="0" skip="0">RobotFrameworkProject.Test</stat>
</suite>
</statistics>
<errors>
</errors>
</robot>
